2026-04-29 01:08:14 - INFO - chainlit - Your app is available at http://localhost:8001
2026-04-29 01:08:20 - WARNING - chainlit - Translated markdown file for en-US not found. Defaulting to chainlit.md.
2026-04-29 01:08:21 - INFO - chainlit - Missing custom logo. Falling back to default logo.
2026-04-29 01:08:21 - INFO - src.rag.vector_store - Vector backend resolved to: server_qdrant (QDRANT_URL=http://localhost:6333)
[OmniLegal] Vector backend = 'server_qdrant', QDRANT_URL = 'http://localhost:6333'
2026-04-29 01:08:21 - INFO - src.rag.vector_store - Connecting to Qdrant server at http://localhost:6333
2026-04-29 01:08:22 - INFO - httpx - HTTP Request: GET http://localhost:6333 "HTTP/1.1 200 OK"
2026-04-29 01:08:22 - INFO - httpx - HTTP Request: GET http://localhost:6333/collections "HTTP/1.1 200 OK"
2026-04-29 01:08:22 - INFO - src.rag.vector_store - Successfully connected to Qdrant server
2026-04-29 01:08:22 - INFO - httpx - HTTP Request: GET http://localhost:6333/collections "HTTP/1.1 200 OK"
2026-04-29 01:08:22 - INFO - httpx - HTTP Request: GET http://localhost:6333/collections/INTL_TREATIES "HTTP/1.1 200 OK"
2026-04-29 01:08:22 - INFO - httpx - HTTP Request: GET http://localhost:6333/collections/NATIONAL_IN "HTTP/1.1 200 OK"
2026-04-29 01:08:22 - INFO - httpx - HTTP Request: GET http://localhost:6333/collections/NATIONAL_US "HTTP/1.1 200 OK"
2026-04-29 01:08:22 - INFO - httpx - HTTP Request: GET http://localhost:6333/collections/NATIONAL_UK "HTTP/1.1 200 OK"
2026-04-29 01:08:22 - INFO - httpx - HTTP Request: GET http://localhost:6333/collections/NATIONAL_EU "HTTP/1.1 200 OK"
2026-04-29 01:08:22 - INFO - httpx - HTTP Request: GET http://localhost:6333/collections/NATIONAL_RU "HTTP/1.1 200 OK"
2026-04-29 01:08:22 - INFO - httpx - HTTP Request: GET http://localhost:6333/collections/NATIONAL_IL "HTTP/1.1 200 OK"
2026-04-29 01:08:22 - INFO - httpx - HTTP Request: GET http://localhost:6333/collections/CASE_LAW "HTTP/1.1 200 OK"
2026-04-29 01:08:22 - INFO - httpx - HTTP Request: GET http://localhost:6333/collections/SHAW_PRIVATE "HTTP/1.1 200 OK"
2026-04-29 01:08:22 - INFO - httpx - HTTP Request: GET http://localhost:6333/collections/COMMENTARY "HTTP/1.1 200 OK"
2026-04-29 01:08:22 - INFO - httpx - HTTP Request: GET http://localhost:6333/collections/REFERENCE_DATASET "HTTP/1.1 200 OK"
2026-04-29 01:08:22 - INFO - httpx - HTTP Request: GET http://localhost:6333/collections/REFERENCE_DATASET_GLOBAL "HTTP/1.1 200 OK"
2026-04-29 01:08:22 - INFO - httpx - HTTP Request: GET http://localhost:6333/collections/REFERENCE_DATASET_EU "HTTP/1.1 200 OK"
2026-04-29 01:08:22 - INFO - httpx - HTTP Request: GET http://localhost:6333/collections/CASE_LAW_GLOBAL "HTTP/1.1 200 OK"
2026-04-29 01:08:22 - INFO - httpx - HTTP Request: GET http://localhost:6333/collections/CASE_LAW_US "HTTP/1.1 200 OK"
2026-04-29 01:08:22 - INFO - httpx - HTTP Request: GET http://localhost:6333/collections/CASE_LAW_IN "HTTP/1.1 200 OK"
2026-04-29 01:08:22 - INFO - httpx - HTTP Request: GET http://localhost:6333/collections/CASE_LAW_EU "HTTP/1.1 200 OK"
2026-04-29 01:08:22 - INFO - httpx - HTTP Request: GET http://localhost:6333/collections/CASE_LAW_UK "HTTP/1.1 200 OK"
2026-04-29 01:08:22 - INFO - httpx - HTTP Request: GET http://localhost:6333/collections/CASE_LAW_RU "HTTP/1.1 200 OK"
2026-04-29 01:08:22 - INFO - httpx - HTTP Request: GET http://localhost:6333/collections/CASE_LAW_IL "HTTP/1.1 200 OK"
2026-04-29 01:08:22 - INFO - httpx - HTTP Request: GET http://localhost:6333/collections/STATUTES_US "HTTP/1.1 200 OK"
2026-04-29 01:08:22 - INFO - httpx - HTTP Request: GET http://localhost:6333/collections/STATUTES_IN "HTTP/1.1 200 OK"
2026-04-29 01:08:22 - INFO - httpx - HTTP Request: GET http://localhost:6333/collections/STATUTES_EU "HTTP/1.1 200 OK"
2026-04-29 01:08:22 - INFO - httpx - HTTP Request: GET http://localhost:6333/collections/STATUTES_UK "HTTP/1.1 200 OK"
2026-04-29 01:08:22 - INFO - httpx - HTTP Request: GET http://localhost:6333/collections/STATUTES_RU "HTTP/1.1 200 OK"
2026-04-29 01:08:22 - INFO - httpx - HTTP Request: GET http://localhost:6333/collections/STATUTES_IL "HTTP/1.1 200 OK"
2026-04-29 01:08:22 - INFO - httpx - HTTP Request: GET http://localhost:6333/collections/COMMENTARY_GLOBAL "HTTP/1.1 200 OK"
2026-04-29 01:08:22 - INFO - httpx - HTTP Request: POST http://localhost:6333/collections/SHAW_PRIVATE/points/scroll "HTTP/1.1 200 OK"
2026-04-29 01:08:22 - INFO - httpx - HTTP Request: POST http://localhost:6333/collections/SHAW_PRIVATE/points/scroll "HTTP/1.1 200 OK"
2026-04-29 01:08:22 - INFO - httpx - HTTP Request: POST http://localhost:6333/collections/SHAW_PRIVATE/points/scroll "HTTP/1.1 200 OK"
2026-04-29 01:08:23 - INFO - httpx - HTTP Request: POST http://localhost:6333/collections/SHAW_PRIVATE/points/scroll "HTTP/1.1 200 OK"
2026-04-29 01:08:23 - INFO - httpx - HTTP Request: POST http://localhost:6333/collections/SHAW_PRIVATE/points/scroll "HTTP/1.1 200 OK"
2026-04-29 01:08:23 - INFO - httpx - HTTP Request: POST http://localhost:6333/collections/SHAW_PRIVATE/points/scroll "HTTP/1.1 200 OK"
2026-04-29 01:08:23 - INFO - httpx - HTTP Request: POST http://localhost:6333/collections/SHAW_PRIVATE/points/scroll "HTTP/1.1 200 OK"
2026-04-29 01:08:23 - INFO - httpx - HTTP Request: POST http://localhost:6333/collections/SHAW_PRIVATE/points/scroll "HTTP/1.1 200 OK"
2026-04-29 06:14:00 - WARNING - chainlit - Translated markdown file for en-US not found. Defaulting to chainlit.md.
2026-04-29 06:14:01 - INFO - httpx - HTTP Request: GET http://localhost:6333/collections "HTTP/1.1 200 OK"
2026-04-29 06:14:01 - INFO - httpx - HTTP Request: GET http://localhost:6333/collections/INTL_TREATIES "HTTP/1.1 200 OK"
2026-04-29 06:14:02 - INFO - httpx - HTTP Request: GET http://localhost:6333/collections/NATIONAL_IN "HTTP/1.1 200 OK"
2026-04-29 06:14:02 - INFO - httpx - HTTP Request: GET http://localhost:6333/collections/NATIONAL_US "HTTP/1.1 200 OK"
2026-04-29 06:14:02 - INFO - httpx - HTTP Request: GET http://localhost:6333/collections/NATIONAL_UK "HTTP/1.1 200 OK"
2026-04-29 06:14:02 - INFO - httpx - HTTP Request: GET http://localhost:6333/collections/NATIONAL_EU "HTTP/1.1 200 OK"
2026-04-29 06:14:02 - INFO - httpx - HTTP Request: GET http://localhost:6333/collections/NATIONAL_RU "HTTP/1.1 200 OK"
2026-04-29 06:14:02 - INFO - httpx - HTTP Request: GET http://localhost:6333/collections/NATIONAL_IL "HTTP/1.1 200 OK"
2026-04-29 06:14:02 - INFO - httpx - HTTP Request: GET http://localhost:6333/collections/CASE_LAW "HTTP/1.1 200 OK"
2026-04-29 06:14:02 - INFO - httpx - HTTP Request: GET http://localhost:6333/collections/SHAW_PRIVATE "HTTP/1.1 200 OK"
2026-04-29 06:14:02 - INFO - httpx - HTTP Request: GET http://localhost:6333/collections/COMMENTARY "HTTP/1.1 200 OK"
2026-04-29 06:14:02 - INFO - httpx - HTTP Request: GET http://localhost:6333/collections/REFERENCE_DATASET "HTTP/1.1 200 OK"
2026-04-29 06:14:02 - INFO - httpx - HTTP Request: GET http://localhost:6333/collections/REFERENCE_DATASET_GLOBAL "HTTP/1.1 200 OK"
2026-04-29 06:14:02 - INFO - httpx - HTTP Request: GET http://localhost:6333/collections/REFERENCE_DATASET_EU "HTTP/1.1 200 OK"
2026-04-29 06:14:02 - INFO - httpx - HTTP Request: GET http://localhost:6333/collections/CASE_LAW_GLOBAL "HTTP/1.1 200 OK"
2026-04-29 06:14:02 - INFO - httpx - HTTP Request: GET http://localhost:6333/collections/CASE_LAW_US "HTTP/1.1 200 OK"
2026-04-29 06:14:02 - INFO - httpx - HTTP Request: GET http://localhost:6333/collections/CASE_LAW_IN "HTTP/1.1 200 OK"
2026-04-29 06:14:02 - INFO - httpx - HTTP Request: GET http://localhost:6333/collections/CASE_LAW_EU "HTTP/1.1 200 OK"
2026-04-29 06:14:02 - INFO - httpx - HTTP Request: GET http://localhost:6333/collections/CASE_LAW_UK "HTTP/1.1 200 OK"
2026-04-29 06:14:02 - INFO - httpx - HTTP Request: GET http://localhost:6333/collections/CASE_LAW_RU "HTTP/1.1 200 OK"
2026-04-29 06:14:02 - INFO - httpx - HTTP Request: GET http://localhost:6333/collections/CASE_LAW_IL "HTTP/1.1 200 OK"
2026-04-29 06:14:02 - INFO - httpx - HTTP Request: GET http://localhost:6333/collections/STATUTES_US "HTTP/1.1 200 OK"
2026-04-29 06:14:02 - INFO - httpx - HTTP Request: GET http://localhost:6333/collections/STATUTES_IN "HTTP/1.1 200 OK"
2026-04-29 06:14:02 - INFO - httpx - HTTP Request: GET http://localhost:6333/collections/STATUTES_EU "HTTP/1.1 200 OK"
2026-04-29 06:14:02 - INFO - httpx - HTTP Request: GET http://localhost:6333/collections/STATUTES_UK "HTTP/1.1 200 OK"
2026-04-29 06:14:02 - INFO - httpx - HTTP Request: GET http://localhost:6333/collections/STATUTES_RU "HTTP/1.1 200 OK"
2026-04-29 06:14:02 - INFO - httpx - HTTP Request: GET http://localhost:6333/collections/STATUTES_IL "HTTP/1.1 200 OK"
2026-04-29 06:14:02 - INFO - httpx - HTTP Request: GET http://localhost:6333/collections/COMMENTARY_GLOBAL "HTTP/1.1 200 OK"
2026-04-29 06:14:02 - INFO - httpx - HTTP Request: POST http://localhost:6333/collections/SHAW_PRIVATE/points/scroll "HTTP/1.1 200 OK"
2026-04-29 06:14:02 - INFO - httpx - HTTP Request: POST http://localhost:6333/collections/SHAW_PRIVATE/points/scroll "HTTP/1.1 200 OK"
2026-04-29 06:14:02 - INFO - httpx - HTTP Request: POST http://localhost:6333/collections/SHAW_PRIVATE/points/scroll "HTTP/1.1 200 OK"
2026-04-29 06:14:03 - INFO - httpx - HTTP Request: POST http://localhost:6333/collections/SHAW_PRIVATE/points/scroll "HTTP/1.1 200 OK"
2026-04-29 06:14:03 - INFO - httpx - HTTP Request: POST http://localhost:6333/collections/SHAW_PRIVATE/points/scroll "HTTP/1.1 200 OK"
2026-04-29 06:14:03 - INFO - httpx - HTTP Request: POST http://localhost:6333/collections/SHAW_PRIVATE/points/scroll "HTTP/1.1 200 OK"
2026-04-29 06:14:03 - INFO - httpx - HTTP Request: POST http://localhost:6333/collections/SHAW_PRIVATE/points/scroll "HTTP/1.1 200 OK"
2026-04-29 06:14:03 - INFO - httpx - HTTP Request: POST http://localhost:6333/collections/SHAW_PRIVATE/points/scroll "HTTP/1.1 200 OK"
